mode: atomic
github.com/topfreegames/extensions/kafka_consumer.go:60.27,68.27 3 19
github.com/topfreegames/extensions/kafka_consumer.go:71.2,72.16 2 19
github.com/topfreegames/extensions/kafka_consumer.go:75.2,75.15 1 19
github.com/topfreegames/extensions/kafka_consumer.go:68.27,70.3 1 19
github.com/topfreegames/extensions/kafka_consumer.go:72.16,74.3 1 0
github.com/topfreegames/extensions/kafka_consumer.go:78.53,86.2 7 1
github.com/topfreegames/extensions/kafka_consumer.go:88.80,99.38 9 19
github.com/topfreegames/extensions/kafka_consumer.go:104.2,105.16 2 19
github.com/topfreegames/extensions/kafka_consumer.go:108.2,108.12 1 19
github.com/topfreegames/extensions/kafka_consumer.go:99.38,102.3 2 18
github.com/topfreegames/extensions/kafka_consumer.go:105.16,107.3 1 0
github.com/topfreegames/extensions/kafka_consumer.go:111.88,128.19 3 19
github.com/topfreegames/extensions/kafka_consumer.go:149.2,150.12 2 19
github.com/topfreegames/extensions/kafka_consumer.go:128.19,141.17 2 0
github.com/topfreegames/extensions/kafka_consumer.go:145.3,145.17 1 0
github.com/topfreegames/extensions/kafka_consumer.go:141.17,144.4 2 0
github.com/topfreegames/extensions/kafka_consumer.go:146.3,148.3 1 19
github.com/topfreegames/extensions/kafka_consumer.go:154.68,156.2 1 1
github.com/topfreegames/extensions/kafka_consumer.go:159.41,161.2 1 13
github.com/topfreegames/extensions/kafka_consumer.go:164.56,166.2 1 0
github.com/topfreegames/extensions/kafka_consumer.go:169.45,177.16 4 11
github.com/topfreegames/extensions/kafka_consumer.go:182.2,184.20 2 10
github.com/topfreegames/extensions/kafka_consumer.go:214.2,214.12 1 1
github.com/topfreegames/extensions/kafka_consumer.go:177.16,180.3 2 1
github.com/topfreegames/extensions/kafka_consumer.go:184.20,185.10 1 17
github.com/topfreegames/extensions/kafka_consumer.go:186.3,187.26 1 9
github.com/topfreegames/extensions/kafka_consumer.go:188.4,190.19 2 2
github.com/topfreegames/extensions/kafka_consumer.go:193.4,195.19 2 2
github.com/topfreegames/extensions/kafka_consumer.go:198.4,199.48 1 1
github.com/topfreegames/extensions/kafka_consumer.go:200.4,201.29 1 1
github.com/topfreegames/extensions/kafka_consumer.go:202.4,203.33 1 1
github.com/topfreegames/extensions/kafka_consumer.go:204.4,207.13 3 1
github.com/topfreegames/extensions/kafka_consumer.go:208.4,209.28 1 1
github.com/topfreegames/extensions/kafka_consumer.go:190.19,192.6 1 1
github.com/topfreegames/extensions/kafka_consumer.go:195.19,197.6 1 1
github.com/topfreegames/extensions/kafka_consumer.go:217.83,225.16 4 2
github.com/topfreegames/extensions/kafka_consumer.go:229.2,230.12 2 1
github.com/topfreegames/extensions/kafka_consumer.go:225.16,228.3 2 1
github.com/topfreegames/extensions/kafka_consumer.go:233.52,240.16 4 2
github.com/topfreegames/extensions/kafka_consumer.go:244.2,245.12 2 1
github.com/topfreegames/extensions/kafka_consumer.go:240.16,243.3 2 1
github.com/topfreegames/extensions/kafka_consumer.go:248.91,256.34 4 1
github.com/topfreegames/extensions/kafka_consumer.go:259.2,260.32 2 1
github.com/topfreegames/extensions/kafka_consumer.go:263.2,265.40 2 1
github.com/topfreegames/extensions/kafka_consumer.go:256.34,258.3 1 1
github.com/topfreegames/extensions/kafka_consumer.go:260.32,262.3 1 1
github.com/topfreegames/extensions/kafka_consumer.go:268.60,275.2 2 1
github.com/topfreegames/extensions/kafka_consumer.go:277.64,284.2 2 1
github.com/topfreegames/extensions/kafka_consumer.go:286.53,296.2 4 1
github.com/topfreegames/extensions/kafka_consumer.go:298.60,304.2 2 1
github.com/topfreegames/extensions/kafka_consumer.go:307.41,308.11 1 3
github.com/topfreegames/extensions/kafka_consumer.go:311.2,311.23 1 3
github.com/topfreegames/extensions/kafka_consumer.go:318.2,318.12 1 2
github.com/topfreegames/extensions/kafka_consumer.go:308.11,310.3 1 1
github.com/topfreegames/extensions/kafka_consumer.go:311.23,313.17 2 3
github.com/topfreegames/extensions/kafka_consumer.go:313.17,315.4 1 1
github.com/topfreegames/extensions/kafka_producer.go:44.135,50.27 3 2
github.com/topfreegames/extensions/kafka_producer.go:53.2,54.15 2 2
github.com/topfreegames/extensions/kafka_producer.go:50.27,52.3 1 2
github.com/topfreegames/extensions/kafka_producer.go:57.53,60.2 2 2
github.com/topfreegames/extensions/kafka_producer.go:62.82,75.21 7 2
github.com/topfreegames/extensions/kafka_producer.go:85.2,87.12 3 2
github.com/topfreegames/extensions/kafka_producer.go:75.21,78.17 3 0
github.com/topfreegames/extensions/kafka_producer.go:78.17,81.4 2 0
github.com/topfreegames/extensions/kafka_producer.go:82.3,84.3 1 2
github.com/topfreegames/extensions/kafka_producer.go:90.51,94.37 2 2
github.com/topfreegames/extensions/kafka_producer.go:94.37,95.25 1 2
github.com/topfreegames/extensions/kafka_producer.go:96.3,98.37 2 2
github.com/topfreegames/extensions/kafka_producer.go:111.4,111.9 1 2
github.com/topfreegames/extensions/kafka_producer.go:112.3,113.65 1 0
github.com/topfreegames/extensions/kafka_producer.go:98.37,104.5 2 0
github.com/topfreegames/extensions/kafka_producer.go:104.5,110.5 1 2
github.com/topfreegames/extensions/kafka_producer.go:119.55,128.2 2 1
github.com/topfreegames/extensions/pg.go:43.99,49.23 3 10
github.com/topfreegames/extensions/pg.go:52.2,53.16 2 10
github.com/topfreegames/extensions/pg.go:57.2,59.16 3 10
github.com/topfreegames/extensions/pg.go:63.2,63.20 1 10
github.com/topfreegames/extensions/pg.go:49.23,51.3 1 10
github.com/topfreegames/extensions/pg.go:53.16,55.3 1 0
github.com/topfreegames/extensions/pg.go:59.16,61.3 1 0
github.com/topfreegames/extensions/pg.go:67.67,85.15 9 10
github.com/topfreegames/extensions/pg.go:91.2,91.12 1 10
github.com/topfreegames/extensions/pg.go:85.15,87.3 1 0
github.com/topfreegames/extensions/pg.go:87.3,89.3 1 10
github.com/topfreegames/extensions/pg.go:95.39,97.16 2 16
github.com/topfreegames/extensions/pg.go:100.2,100.32 1 13
github.com/topfreegames/extensions/pg.go:97.16,99.3 1 3
github.com/topfreegames/extensions/pg.go:104.34,106.16 2 4
github.com/topfreegames/extensions/pg.go:109.2,109.12 1 2
github.com/topfreegames/extensions/pg.go:106.16,108.3 1 2
github.com/topfreegames/extensions/pg.go:113.57,117.27 3 12
github.com/topfreegames/extensions/pg.go:121.2,121.42 1 12
github.com/topfreegames/extensions/pg.go:125.2,125.20 1 12
github.com/topfreegames/extensions/pg.go:129.2,129.12 1 11
github.com/topfreegames/extensions/pg.go:117.27,119.3 1 14
github.com/topfreegames/extensions/pg.go:121.42,123.3 1 1
github.com/topfreegames/extensions/pg.go:125.20,127.3 1 1
github.com/topfreegames/extensions/pg.go:133.36,135.16 2 2
github.com/topfreegames/extensions/pg.go:138.2,138.12 1 1
github.com/topfreegames/extensions/pg.go:135.16,137.3 1 1
github.com/topfreegames/extensions/statsd.go:42.117,48.27 3 2
github.com/topfreegames/extensions/statsd.go:51.2,52.15 2 2
github.com/topfreegames/extensions/statsd.go:48.27,50.3 1 2
github.com/topfreegames/extensions/statsd.go:55.46,59.2 3 2
github.com/topfreegames/extensions/statsd.go:61.66,75.19 7 2
github.com/topfreegames/extensions/statsd.go:85.2,87.12 3 2
github.com/topfreegames/extensions/statsd.go:75.19,79.17 3 0
github.com/topfreegames/extensions/statsd.go:79.17,82.4 2 0
github.com/topfreegames/extensions/statsd.go:91.43,93.2 1 2
github.com/topfreegames/extensions/statsd.go:96.58,98.2 1 1
github.com/topfreegames/extensions/statsd.go:104.3,110.2 5 0
github.com/topfreegames/extensions/statsd.go:113.34,116.2 2 2
