mode: atomic
github.com/topfreegames/extensions/pg/pg.go:43.95,49.23 3 10
github.com/topfreegames/extensions/pg/pg.go:52.2,53.16 2 10
github.com/topfreegames/extensions/pg/pg.go:57.2,59.16 3 10
github.com/topfreegames/extensions/pg/pg.go:63.2,63.20 1 10
github.com/topfreegames/extensions/pg/pg.go:49.23,51.3 1 10
github.com/topfreegames/extensions/pg/pg.go:53.16,55.3 1 0
github.com/topfreegames/extensions/pg/pg.go:59.16,61.3 1 0
github.com/topfreegames/extensions/pg/pg.go:67.65,85.15 9 10
github.com/topfreegames/extensions/pg/pg.go:91.2,91.12 1 10
github.com/topfreegames/extensions/pg/pg.go:85.15,87.3 1 0
github.com/topfreegames/extensions/pg/pg.go:87.3,89.3 1 10
github.com/topfreegames/extensions/pg/pg.go:95.37,97.16 2 16
github.com/topfreegames/extensions/pg/pg.go:100.2,100.32 1 13
github.com/topfreegames/extensions/pg/pg.go:97.16,99.3 1 3
github.com/topfreegames/extensions/pg/pg.go:104.32,106.16 2 4
github.com/topfreegames/extensions/pg/pg.go:109.2,109.12 1 2
github.com/topfreegames/extensions/pg/pg.go:106.16,108.3 1 2
github.com/topfreegames/extensions/pg/pg.go:113.55,117.27 3 12
github.com/topfreegames/extensions/pg/pg.go:121.2,121.42 1 12
github.com/topfreegames/extensions/pg/pg.go:125.2,125.20 1 12
github.com/topfreegames/extensions/pg/pg.go:129.2,129.12 1 11
github.com/topfreegames/extensions/pg/pg.go:117.27,119.3 1 14
github.com/topfreegames/extensions/pg/pg.go:121.42,123.3 1 1
github.com/topfreegames/extensions/pg/pg.go:125.20,127.3 1 1
github.com/topfreegames/extensions/pg/pg.go:133.34,135.16 2 2
github.com/topfreegames/extensions/pg/pg.go:138.2,138.12 1 1
github.com/topfreegames/extensions/pg/pg.go:135.16,137.3 1 1
