mode: atomic
github.com/topfreegames/extensions/kafka/kafka_consumer.go:60.22,68.27 3 19
github.com/topfreegames/extensions/kafka/kafka_consumer.go:71.2,72.16 2 19
github.com/topfreegames/extensions/kafka/kafka_consumer.go:75.2,75.15 1 19
github.com/topfreegames/extensions/kafka/kafka_consumer.go:68.27,70.3 1 19
github.com/topfreegames/extensions/kafka/kafka_consumer.go:72.16,74.3 1 0
github.com/topfreegames/extensions/kafka/kafka_consumer.go:78.48,86.2 7 1
github.com/topfreegames/extensions/kafka/kafka_consumer.go:88.75,99.38 9 19
github.com/topfreegames/extensions/kafka/kafka_consumer.go:104.2,105.16 2 19
github.com/topfreegames/extensions/kafka/kafka_consumer.go:108.2,108.12 1 19
github.com/topfreegames/extensions/kafka/kafka_consumer.go:99.38,102.3 2 18
github.com/topfreegames/extensions/kafka/kafka_consumer.go:105.16,107.3 1 0
github.com/topfreegames/extensions/kafka/kafka_consumer.go:111.83,128.19 3 19
github.com/topfreegames/extensions/kafka/kafka_consumer.go:149.2,150.12 2 19
github.com/topfreegames/extensions/kafka/kafka_consumer.go:128.19,141.17 2 0
github.com/topfreegames/extensions/kafka/kafka_consumer.go:145.3,145.17 1 0
github.com/topfreegames/extensions/kafka/kafka_consumer.go:141.17,144.4 2 0
github.com/topfreegames/extensions/kafka/kafka_consumer.go:146.3,148.3 1 19
github.com/topfreegames/extensions/kafka/kafka_consumer.go:154.63,156.2 1 1
github.com/topfreegames/extensions/kafka/kafka_consumer.go:159.36,161.2 1 13
github.com/topfreegames/extensions/kafka/kafka_consumer.go:164.51,166.2 1 0
github.com/topfreegames/extensions/kafka/kafka_consumer.go:169.40,177.16 4 11
github.com/topfreegames/extensions/kafka/kafka_consumer.go:182.2,184.20 2 10
github.com/topfreegames/extensions/kafka/kafka_consumer.go:214.2,214.12 1 1
github.com/topfreegames/extensions/kafka/kafka_consumer.go:177.16,180.3 2 1
github.com/topfreegames/extensions/kafka/kafka_consumer.go:184.20,185.10 1 17
github.com/topfreegames/extensions/kafka/kafka_consumer.go:186.36,187.26 1 9
github.com/topfreegames/extensions/kafka/kafka_consumer.go:188.34,190.19 2 2
github.com/topfreegames/extensions/kafka/kafka_consumer.go:193.33,195.19 2 2
github.com/topfreegames/extensions/kafka/kafka_consumer.go:198.24,199.48 1 1
github.com/topfreegames/extensions/kafka/kafka_consumer.go:200.28,201.29 1 1
github.com/topfreegames/extensions/kafka/kafka_consumer.go:202.32,203.33 1 1
github.com/topfreegames/extensions/kafka/kafka_consumer.go:204.21,207.13 3 1
github.com/topfreegames/extensions/kafka/kafka_consumer.go:208.12,209.28 1 1
github.com/topfreegames/extensions/kafka/kafka_consumer.go:190.19,192.6 1 1
github.com/topfreegames/extensions/kafka/kafka_consumer.go:195.19,197.6 1 1
github.com/topfreegames/extensions/kafka/kafka_consumer.go:217.78,225.16 4 2
github.com/topfreegames/extensions/kafka/kafka_consumer.go:229.2,230.12 2 1
github.com/topfreegames/extensions/kafka/kafka_consumer.go:225.16,228.3 2 1
github.com/topfreegames/extensions/kafka/kafka_consumer.go:233.47,240.16 4 2
github.com/topfreegames/extensions/kafka/kafka_consumer.go:244.2,245.12 2 1
github.com/topfreegames/extensions/kafka/kafka_consumer.go:240.16,243.3 2 1
github.com/topfreegames/extensions/kafka/kafka_consumer.go:248.86,256.34 4 1
github.com/topfreegames/extensions/kafka/kafka_consumer.go:259.2,260.32 2 1
github.com/topfreegames/extensions/kafka/kafka_consumer.go:263.2,265.40 2 1
github.com/topfreegames/extensions/kafka/kafka_consumer.go:256.34,258.3 1 1
github.com/topfreegames/extensions/kafka/kafka_consumer.go:260.32,262.3 1 1
github.com/topfreegames/extensions/kafka/kafka_consumer.go:268.55,275.2 2 1
github.com/topfreegames/extensions/kafka/kafka_consumer.go:277.59,284.2 2 1
github.com/topfreegames/extensions/kafka/kafka_consumer.go:286.48,296.2 4 1
github.com/topfreegames/extensions/kafka/kafka_consumer.go:298.55,304.2 2 1
github.com/topfreegames/extensions/kafka/kafka_consumer.go:307.36,308.11 1 3
github.com/topfreegames/extensions/kafka/kafka_consumer.go:311.2,311.23 1 3
github.com/topfreegames/extensions/kafka/kafka_consumer.go:318.2,318.12 1 2
github.com/topfreegames/extensions/kafka/kafka_consumer.go:308.11,310.3 1 1
github.com/topfreegames/extensions/kafka/kafka_consumer.go:311.23,313.17 2 3
github.com/topfreegames/extensions/kafka/kafka_consumer.go:313.17,315.4 1 1
github.com/topfreegames/extensions/kafka/kafka_producer.go:43.125,49.27 3 2
github.com/topfreegames/extensions/kafka/kafka_producer.go:52.2,53.15 2 2
github.com/topfreegames/extensions/kafka/kafka_producer.go:49.27,51.3 1 2
github.com/topfreegames/extensions/kafka/kafka_producer.go:56.48,58.2 1 2
github.com/topfreegames/extensions/kafka/kafka_producer.go:60.77,71.21 6 2
github.com/topfreegames/extensions/kafka/kafka_producer.go:81.2,83.12 3 2
github.com/topfreegames/extensions/kafka/kafka_producer.go:71.21,74.17 3 0
github.com/topfreegames/extensions/kafka/kafka_producer.go:74.17,77.4 2 0
github.com/topfreegames/extensions/kafka/kafka_producer.go:78.3,80.3 1 2
github.com/topfreegames/extensions/kafka/kafka_producer.go:86.46,90.37 2 2
github.com/topfreegames/extensions/kafka/kafka_producer.go:90.37,91.25 1 2
github.com/topfreegames/extensions/kafka/kafka_producer.go:92.23,94.37 2 2
github.com/topfreegames/extensions/kafka/kafka_producer.go:107.4,107.9 1 2
github.com/topfreegames/extensions/kafka/kafka_producer.go:108.11,109.65 1 0
github.com/topfreegames/extensions/kafka/kafka_producer.go:94.37,100.5 2 0
github.com/topfreegames/extensions/kafka/kafka_producer.go:100.5,106.5 1 2
github.com/topfreegames/extensions/kafka/kafka_producer.go:115.62,124.2 2 1
