mode: atomic
github.com/topfreegames/extensions/statsd/statsd.go:42.117,48.27 3 2
github.com/topfreegames/extensions/statsd/statsd.go:51.2,52.15 2 2
github.com/topfreegames/extensions/statsd/statsd.go:48.27,50.3 1 2
github.com/topfreegames/extensions/statsd/statsd.go:55.46,59.2 3 2
github.com/topfreegames/extensions/statsd/statsd.go:61.66,75.19 7 2
github.com/topfreegames/extensions/statsd/statsd.go:85.2,87.12 3 2
github.com/topfreegames/extensions/statsd/statsd.go:75.19,79.17 3 0
github.com/topfreegames/extensions/statsd/statsd.go:79.17,82.4 2 0
github.com/topfreegames/extensions/statsd/statsd.go:91.43,93.2 1 2
github.com/topfreegames/extensions/statsd/statsd.go:96.58,98.2 1 1
github.com/topfreegames/extensions/statsd/statsd.go:104.3,110.2 5 0
github.com/topfreegames/extensions/statsd/statsd.go:113.34,116.2 2 2
