mode: atomic
github.com/topfreegames/extensions/redis/redis.go:43.108,49.27 3 9
github.com/topfreegames/extensions/redis/redis.go:52.2,53.16 2 9
github.com/topfreegames/extensions/redis/redis.go:57.2,59.16 3 9
github.com/topfreegames/extensions/redis/redis.go:63.2,63.20 1 9
github.com/topfreegames/extensions/redis/redis.go:49.27,51.3 1 9
github.com/topfreegames/extensions/redis/redis.go:53.16,55.3 1 0
github.com/topfreegames/extensions/redis/redis.go:59.16,61.3 1 0
github.com/topfreegames/extensions/redis/redis.go:67.78,70.16 3 9
github.com/topfreegames/extensions/redis/redis.go:74.2,74.19 1 9
github.com/topfreegames/extensions/redis/redis.go:80.2,80.12 1 9
github.com/topfreegames/extensions/redis/redis.go:70.16,72.3 1 0
github.com/topfreegames/extensions/redis/redis.go:74.19,76.3 1 0
github.com/topfreegames/extensions/redis/redis.go:76.3,78.3 1 9
github.com/topfreegames/extensions/redis/redis.go:84.37,86.19 2 13
github.com/topfreegames/extensions/redis/redis.go:93.2,93.13 1 11
github.com/topfreegames/extensions/redis/redis.go:86.19,88.17 2 2
github.com/topfreegames/extensions/redis/redis.go:91.3,91.23 1 1
github.com/topfreegames/extensions/redis/redis.go:88.17,90.4 1 1
github.com/topfreegames/extensions/redis/redis.go:97.158,104.2 2 1
github.com/topfreegames/extensions/redis/redis.go:107.62,109.2 1 0
github.com/topfreegames/extensions/redis/redis.go:112.55,116.27 3 10
github.com/topfreegames/extensions/redis/redis.go:120.2,120.42 1 10
github.com/topfreegames/extensions/redis/redis.go:124.2,124.20 1 10
github.com/topfreegames/extensions/redis/redis.go:128.2,128.12 1 10
github.com/topfreegames/extensions/redis/redis.go:116.27,118.3 1 10
github.com/topfreegames/extensions/redis/redis.go:120.42,122.3 1 0
github.com/topfreegames/extensions/redis/redis.go:124.20,126.3 1 0
github.com/topfreegames/extensions/redis/redis.go:132.32,134.16 2 4
github.com/topfreegames/extensions/redis/redis.go:137.2,137.12 1 3
github.com/topfreegames/extensions/redis/redis.go:134.16,136.3 1 1
github.com/topfreegames/extensions/redis/redis.go:141.34,143.16 2 2
github.com/topfreegames/extensions/redis/redis.go:146.2,146.12 1 2
github.com/topfreegames/extensions/redis/redis.go:143.16,145.3 1 0
