mode: atomic
github.com/topfreegames/extensions/redis/redis.go:43.108,49.27 3 7
github.com/topfreegames/extensions/redis/redis.go:52.2,53.16 2 7
github.com/topfreegames/extensions/redis/redis.go:57.2,59.16 3 7
github.com/topfreegames/extensions/redis/redis.go:63.2,63.20 1 7
github.com/topfreegames/extensions/redis/redis.go:49.27,51.3 1 7
github.com/topfreegames/extensions/redis/redis.go:53.16,55.3 1 0
github.com/topfreegames/extensions/redis/redis.go:59.16,61.3 1 0
github.com/topfreegames/extensions/redis/redis.go:67.78,81.19 7 7
github.com/topfreegames/extensions/redis/redis.go:87.2,87.12 1 7
github.com/topfreegames/extensions/redis/redis.go:81.19,83.3 1 0
github.com/topfreegames/extensions/redis/redis.go:83.3,85.3 1 7
github.com/topfreegames/extensions/redis/redis.go:91.37,93.19 2 10
github.com/topfreegames/extensions/redis/redis.go:100.2,100.13 1 9
github.com/topfreegames/extensions/redis/redis.go:93.19,95.17 2 1
github.com/topfreegames/extensions/redis/redis.go:98.3,98.23 1 1
github.com/topfreegames/extensions/redis/redis.go:95.17,97.4 1 0
github.com/topfreegames/extensions/redis/redis.go:104.158,111.2 2 1
github.com/topfreegames/extensions/redis/redis.go:114.62,116.2 1 0
github.com/topfreegames/extensions/redis/redis.go:119.55,123.27 3 8
github.com/topfreegames/extensions/redis/redis.go:127.2,127.42 1 8
github.com/topfreegames/extensions/redis/redis.go:131.2,131.20 1 8
github.com/topfreegames/extensions/redis/redis.go:135.2,135.12 1 8
github.com/topfreegames/extensions/redis/redis.go:123.27,125.3 1 8
github.com/topfreegames/extensions/redis/redis.go:127.42,129.3 1 0
github.com/topfreegames/extensions/redis/redis.go:131.20,133.3 1 0
github.com/topfreegames/extensions/redis/redis.go:139.32,141.16 2 3
github.com/topfreegames/extensions/redis/redis.go:144.2,144.12 1 3
github.com/topfreegames/extensions/redis/redis.go:141.16,143.3 1 0
github.com/topfreegames/extensions/redis/redis.go:148.34,150.16 2 2
github.com/topfreegames/extensions/redis/redis.go:153.2,153.12 1 2
github.com/topfreegames/extensions/redis/redis.go:150.16,152.3 1 0
